<?xml version="1.0" encoding="UTF-8"?>
<testsuite xmlns:xsi="http://www.w3.org/2001/XMLSchema-instance" xsi:noNamespaceSchemaLocation="https://maven.apache.org/surefire/maven-surefire-plugin/xsd/surefire-test-report-3.0.xsd" version="3.0" name="InvoiceApprovalTest" time="0.124" tests="3" errors="0" skipped="0" failures="0">
  <properties>
[...]
</properties>
  <testcase name="testApproveInvoice[0]" classname="InvoiceApprovalTest" time="0.049">
    <system-err><![CDATA[Jul 02, 2025 12:56:17 AM InvoiceApproval approveInvoice
INFO: Approving invoice for amount: 20000.0
Jul 02, 2025 12:56:17 AM InvoiceApproval approveInvoice
INFO: Invoice requires manager approval
]]></system-err>
  </testcase>
  <testcase name="testApproveInvoice[1]" classname="InvoiceApprovalTest" time="0.003">
    <system-err><![CDATA[Jul 02, 2025 12:56:17 AM InvoiceApproval approveInvoice
INFO: Approving invoice for amount: -100.0
Jul 02, 2025 12:56:17 AM InvoiceApproval approveInvoice
WARNING: Rejecting invoice due to invalid amount
]]></system-err>
  </testcase>
  <testcase name="testApproveInvoice[2]" classname="InvoiceApprovalTest" time="0.001">
    <system-err><![CDATA[Jul 02, 2025 12:56:17 AM InvoiceApproval approveInvoice
INFO: Approving invoice for amount: 5000.0
Jul 02, 2025 12:56:17 AM InvoiceApproval approveInvoice
INFO: Invoice auto-approved
]]></system-err>
  </testcase>
</testsuite>